c:\users\user\source\repos\universitymanagement\universi.b7342128\x64\debug\vc143.pdb
c:\users\user\source\repos\universitymanagement\universi.b7342128\x64\debug\studentmanagement.obj
c:\users\user\source\repos\universitymanagement\universi.b7342128\x64\debug\student.obj
c:\users\user\source\repos\universitymanagement\universi.b7342128\x64\debug\payfees.obj
c:\users\user\source\repos\universitymanagement\universi.b7342128\x64\debug\passwordreset.obj
c:\users\user\source\repos\universitymanagement\universi.b7342128\x64\debug\manageprofile.obj
c:\users\user\source\repos\universitymanagement\universi.b7342128\x64\debug\mainform.obj
c:\users\user\source\repos\universitymanagement\universi.b7342128\x64\debug\login.obj
c:\users\user\source\repos\universitymanagement\universi.b7342128\x64\debug\generatereport.obj
c:\users\user\source\repos\universitymanagement\universi.b7342128\x64\debug\facultymanagement.obj
c:\users\user\source\repos\universitymanagement\universi.b7342128\x64\debug\faculty.obj
c:\users\user\source\repos\universitymanagement\universi.b7342128\x64\debug\entergrades.obj
c:\users\user\source\repos\universitymanagement\universi.b7342128\x64\debug\deletefaculty.obj
c:\users\user\source\repos\universitymanagement\universi.b7342128\x64\debug\deletecourse.obj
c:\users\user\source\repos\universitymanagement\universi.b7342128\x64\debug\courseregistration.obj
c:\users\user\source\repos\universitymanagement\universi.b7342128\x64\debug\coursemanagement.obj
c:\users\user\source\repos\universitymanagement\universi.b7342128\x64\debug\adminsignup.obj
c:\users\user\source\repos\universitymanagement\universi.b7342128\x64\debug\administrator.obj
c:\users\user\source\repos\universitymanagement\universi.b7342128\x64\debug\addstudent.obj
c:\users\user\source\repos\universitymanagement\universi.b7342128\x64\debug\addfaculty1.obj
c:\users\user\source\repos\universitymanagement\universi.b7342128\x64\debug\addcourse.obj
c:\users\user\source\repos\universitymanagement\universi.b7342128\x64\debug\.netframework,version=v4.7.2.assemblyattributes.obj
c:\users\user\source\repos\universitymanagement\universi.b7342128\x64\debug\viewroster.obj
c:\users\user\source\repos\universitymanagement\universi.b7342128\x64\debug\viewgrades.obj
c:\users\user\source\repos\universitymanagement\universi.b7342128\x64\debug\updateuser.obj
c:\users\user\source\repos\universitymanagement\universi.b7342128\x64\debug\updatecourse.obj
c:\users\user\source\repos\universitymanagement\universi.b7342128\x64\debug\transcript.obj
c:\users\user\source\repos\universitymanagement\universi.b7342128\x64\debug\managecoursematerials.obj
c:\users\user\source\repos\universitymanagement\universi.b7342128\x64\debug\managefinances.obj
c:\users\user\source\repos\universitymanagement\universi.b7342128\x64\debug\verifyenrollment.obj
c:\users\user\source\repos\universitymanagement\universi.b7342128\x64\debug\updatepassword.obj
c:\users\user\source\repos\universitymanagement\x64\debug\mysql.data.dll
c:\users\user\source\repos\universitymanagement\x64\debug\universitymanagement.exe
c:\users\user\source\repos\universitymanagement\x64\debug\universitymanagement.pdb
c:\users\user\source\repos\universitymanagement\universi.b7342128\x64\debug\universi.b7342128.tlog\metagen.write.1.tlog
c:\users\user\source\repos\universitymanagement\universi.b7342128\x64\debug\viewschedule.obj
c:\users\user\source\repos\universitymanagement\universi.b7342128\x64\debug\universi.b7342128.tlog\cl.command.1.tlog
c:\users\user\source\repos\universitymanagement\universi.b7342128\x64\debug\universi.b7342128.tlog\cl.items.tlog
c:\users\user\source\repos\universitymanagement\universi.b7342128\x64\debug\universi.b7342128.tlog\cl.read.1.tlog
c:\users\user\source\repos\universitymanagement\universi.b7342128\x64\debug\universi.b7342128.tlog\cl.write.1.tlog
c:\users\user\source\repos\universitymanagement\universi.b7342128\x64\debug\universi.b7342128.tlog\copylocal.read.1u.tlog
c:\users\user\source\repos\universitymanagement\universi.b7342128\x64\debug\universi.b7342128.tlog\copylocal.write.1u.tlog
c:\users\user\source\repos\universitymanagement\universi.b7342128\x64\debug\universi.b7342128.tlog\link.command.1.tlog
c:\users\user\source\repos\universitymanagement\universi.b7342128\x64\debug\universi.b7342128.tlog\link.read.1.tlog
c:\users\user\source\repos\universitymanagement\universi.b7342128\x64\debug\universi.b7342128.tlog\link.secondary.1.tlog
c:\users\user\source\repos\universitymanagement\universi.b7342128\x64\debug\universi.b7342128.tlog\link.write.1.tlog
c:\users\user\source\repos\universitymanagement\universi.b7342128\x64\debug\universi.b7342128.tlog\metagen.read.1.tlog
c:\users\user\source\repos\universitymanagement\universi.b7342128\x64\debug\universi.b7342128.tlog\resgen.command.1.tlog
c:\users\user\source\repos\universitymanagement\universi.b7342128\x64\debug\universi.b7342128.tlog\resgen.read.1.tlog
c:\users\user\source\repos\universitymanagement\universi.b7342128\x64\debug\universi.b7342128.tlog\resgen.write.1.tlog
c:\users\user\source\repos\universitymanagement\universi.b7342128\x64\debug\universi.b7342128.tlog\mysql.data.dll.metagen
